# JRE version: OpenJDK Runtime Environment (11.0.12+7) (build 11.0.12+7-b1504.28-7817840)
# Java VM: OpenJDK 64-Bit Server VM (11.0.12+7-b1504.28-7817840, mixed mode, tiered, compressed oops, g1 gc, windows-amd64)
Heap:
 garbage-first heap   total 499712K, used 275075K [0x0000000080000000, 0x0000000100000000)
  region size 1024K, 2 young (2048K), 2 survivors (2048K)
 Metaspace       used 201863K, capacity 208612K, committed 208884K, reserved 1230848K
  class space    used 24083K, capacity 26477K, committed 26616K, reserved 1048576K
GC Heap History (20 events):
Event: 6499.113 GC heap after
{Heap after GC invocations=231 (full 0):
 garbage-first heap   total 277504K, used 227328K [0x0000000080000000, 0x0000000100000000)
  region size 1024K, 5 young (5120K), 5 survivors (5120K)
 Metaspace       used 201749K, capacity 208481K, committed 208628K, reserved 1230848K
  class space    used 24082K, capacity 26477K, committed 26616K, reserved 1048576K
}
Event: 6499.128 GC heap before
{Heap before GC invocations=231 (full 0):
 garbage-first heap   total 277504K, used 234496K [0x0000000080000000, 0x0000000100000000)
  region size 1024K, 13 young (13312K), 5 survivors (5120K)
 Metaspace       used 201749K, capacity 208481K, committed 208628K, reserved 1230848K
  class space    used 24082K, capacity 26477K, committed 26616K, reserved 1048576K
}
Event: 6499.141 GC heap after
{Heap after GC invocations=232 (full 0):
 garbage-first heap   total 277504K, used 220962K [0x0000000080000000, 0x0000000100000000)
  region size 1024K, 2 young (2048K), 2 survivors (2048K)
 Metaspace       used 201749K, capacity 208481K, committed 208628K, reserved 1230848K
  class space    used 24082K, capacity 26477K, committed 26616K, reserved 1048576K
}
Event: 6499.159 GC heap before
{Heap before GC invocations=232 (full 0):
 garbage-first heap   total 277504K, used 230178K [0x0000000080000000, 0x0000000100000000)
  region size 1024K, 12 young (12288K), 2 survivors (2048K)
 Metaspace       used 201749K, capacity 208481K, committed 208628K, reserved 1230848K
  class space    used 24082K, capacity 26477K, committed 26616K, reserved 1048576K
}
Event: 6499.167 GC heap after
{Heap after GC invocations=233 (full 0):
 garbage-first heap   total 277504K, used 226304K [0x0000000080000000, 0x0000000100000000)
  region size 1024K, 3 young (3072K), 3 survivors (3072K)
 Metaspace       used 201749K, capacity 208481K, committed 208628K, reserved 1230848K
  class space    used 24082K, capacity 26477K, committed 26616K, reserved 1048576K
}
Event: 6499.201 GC heap before
{Heap before GC invocations=233 (full 0):
 garbage-first heap   total 277504K, used 238592K [0x0000000080000000, 0x0000000100000000)
  region size 1024K, 14 young (14336K), 3 survivors (3072K)
 Metaspace       used 201749K, capacity 208481K, committed 208628K, reserved 1230848K
  class space    used 24082K, capacity 26477K, committed 26616K, reserved 1048576K
}
Event: 6499.210 GC heap after
{Heap after GC invocations=234 (full 0):
 garbage-first heap   total 277504K, used 233414K [0x0000000080000000, 0x0000000100000000)
  region size 1024K, 2 young (2048K), 2 survivors (2048K)
 Metaspace       used 201749K, capacity 208481K, committed 208628K, reserved 1230848K
  class space    used 24082K, capacity 26477K, committed 26616K, reserved 1048576K
}
Event: 6499.238 GC heap before
{Heap before GC invocations=234 (full 0):
 garbage-first heap   total 277504K, used 244678K [0x0000000080000000, 0x0000000100000000)
  region size 1024K, 13 young (13312K), 2 survivors (2048K)
 Metaspace       used 201787K, capacity 208545K, committed 208884K, reserved 1230848K
  class space    used 24082K, capacity 26477K, committed 26616K, reserved 1048576K
}
Event: 6499.245 GC heap after
{Heap after GC invocations=235 (full 0):
 garbage-first heap   total 277504K, used 239402K [0x0000000080000000, 0x0000000100000000)
  region size 1024K, 2 young (2048K), 2 survivors (2048K)
 Metaspace       used 201787K, capacity 208545K, committed 208884K, reserved 1230848K
  class space    used 24082K, capacity 26477K, committed 26616K, reserved 1048576K
}
Event: 6499.271 GC heap before
{Heap before GC invocations=235 (full 0):
 garbage-first heap   total 277504K, used 250666K [0x0000000080000000, 0x0000000100000000)
  region size 1024K, 13 young (13312K), 2 survivors (2048K)
 Metaspace       used 201808K, capacity 208546K, committed 208884K, reserved 1230848K
  class space    used 24082K, capacity 26477K, committed 26616K, reserved 1048576K
}
Event: 6499.279 GC heap after
{Heap after GC invocations=236 (full 0):
 garbage-first heap   total 277504K, used 245430K [0x0000000080000000, 0x0000000100000000)
  region size 1024K, 2 young (2048K), 2 survivors (2048K)
 Metaspace       used 201808K, capacity 208546K, committed 208884K, reserved 1230848K
  class space    used 24082K, capacity 26477K, committed 26616K, reserved 1048576K
}
Event: 6499.320 GC heap before
{Heap before GC invocations=236 (full 0):
 garbage-first heap   total 277504K, used 256694K [0x0000000080000000, 0x0000000100000000)
  region size 1024K, 13 young (13312K), 2 survivors (2048K)
 Metaspace       used 201823K, capacity 208610K, committed 208884K, reserved 1230848K
  class space    used 24082K, capacity 26477K, committed 26616K, reserved 1048576K
}
Event: 6499.325 GC heap after
{Heap after GC invocations=237 (full 0):
 garbage-first heap   total 277504K, used 251623K [0x0000000080000000, 0x0000000100000000)
  region size 1024K, 2 young (2048K), 2 survivors (2048K)
 Metaspace       used 201823K, capacity 208610K, committed 208884K, reserved 1230848K
  class space    used 24082K, capacity 26477K, committed 26616K, reserved 1048576K
}
Event: 6499.343 GC heap before
{Heap before GC invocations=237 (full 0):
 garbage-first heap   total 277504K, used 262887K [0x0000000080000000, 0x0000000100000000)
  region size 1024K, 13 young (13312K), 2 survivors (2048K)
 Metaspace       used 201831K, capacity 208610K, committed 208884K, reserved 1230848K
  class space    used 24083K, capacity 26477K, committed 26616K, reserved 1048576K
}
Event: 6499.352 GC heap after
{Heap after GC invocations=238 (full 0):
 garbage-first heap   total 277504K, used 257907K [0x0000000080000000, 0x0000000100000000)
  region size 1024K, 2 young (2048K), 2 survivors (2048K)
 Metaspace       used 201831K, capacity 208610K, committed 208884K, reserved 1230848K
  class space    used 24083K, capacity 26477K, committed 26616K, reserved 1048576K
}
Event: 6499.380 GC heap before
{Heap before GC invocations=239 (full 0):
 garbage-first heap   total 277504K, used 268147K [0x0000000080000000, 0x0000000100000000)
  region size 1024K, 13 young (13312K), 2 survivors (2048K)
 Metaspace       used 201844K, capacity 208610K, committed 208884K, reserved 1230848K
  class space    used 24083K, capacity 26477K, committed 26616K, reserved 1048576K
}
Event: 6499.387 GC heap after
{Heap after GC invocations=240 (full 0):
 garbage-first heap   total 277504K, used 264192K [0x0000000080000000, 0x0000000100000000)
  region size 1024K, 2 young (2048K), 2 survivors (2048K)
 Metaspace       used 201844K, capacity 208610K, committed 208884K, reserved 1230848K
  class space    used 24083K, capacity 26477K, committed 26616K, reserved 1048576K
}
Event: 6499.412 GC heap before
{Heap before GC invocations=240 (full 0):
 garbage-first heap   total 277504K, used 275456K [0x0000000080000000, 0x0000000100000000)
  region size 1024K, 13 young (13312K), 2 survivors (2048K)
 Metaspace       used 201855K, capacity 208612K, committed 208884K, reserved 1230848K
  class space    used 24083K, capacity 26477K, committed 26616K, reserved 1048576K
}
Event: 6499.424 GC heap after
{Heap after GC invocations=241 (full 0):
 garbage-first heap   total 287744K, used 268063K [0x0000000080000000, 0x0000000100000000)
  region size 1024K, 2 young (2048K), 2 survivors (2048K)
 Metaspace       used 201855K, capacity 208612K, committed 208884K, reserved 1230848K
  class space    used 24083K, capacity 26477K, committed 26616K, reserved 1048576K
}
Event: 6499.451 GC heap before
{Heap before GC invocations=241 (full 0):
 garbage-first heap   total 287744K, used 280351K [0x0000000080000000, 0x0000000100000000)
  region size 1024K, 14 young (14336K), 2 survivors (2048K)
 Metaspace       used 201863K, capacity 208612K, committed 208884K, reserved 1230848K
  class space    used 24083K, capacity 26477K, committed 26616K, reserved 1048576K
}

